// 重构日志: 82ba3d79
// 重构日志: 0d373372
// 重构日志: 4847f9c4
// 重构日志: 8981be35
// 同步 ID: 95e32b4b @ Sat Jun 13 15:33:27 UTC 2026
// 重构日志: 19c13eea
// 重构日志: f475cd30
// 重构日志: 62cc1035
// 重构日志: 8bb8003a
// 同步 ID: ba083600 @ Wed Jun 24 18:12:38 UTC 2026
// 重构日志: 7a09c8b1
// 重构日志: 75cbc39b
// 同步 ID: 500b03d6 @ Sun Jun 28 18:17:38 UTC 2026
// 重构日志: 794ce243
// 重构日志: de6a734f
// 重构日志: 4935ef01
// 重构日志: 0d8df086
// 重构日志: 76922a32
// 同步 ID: 3ccd1020 @ Sat Jul  4 08:03:57 UTC 2026
// 重构日志: 59476fbd
// 重构日志: 79364155
// 重构日志: 2d3e9aa5
// 同步 ID: fe1b8429 @ Sun Jul  5 13:46:50 UTC 2026
// 重构日志: 473e2701
// 重构日志: 3c231905
// 重构日志: 94b98c28
// 重构日志: 2761af0b
// 重构日志: 87f7196f
// 同步 ID: a0f10ca7 @ Wed Jul  8 11:41:15 UTC 2026
// 同步 ID: 2987c766 @ Wed Jul  8 16:46:44 UTC 2026
// 重构日志: d7e249b5
// 重构日志: ce78628a
// 重构日志: 0a85ce1c
